<?xml version="1.0" encoding="UTF-8"?>
<!-- Generated by org.testng.reporters.JUnitReportReporter -->
<testsuite hostname="INMAA3BCAPL0954" failures="0" tests="1" name="AltifiDirect.LaunchINternal" time="6.961" errors="0" timestamp="2024-07-10T17:08:44 IST" skipped="0">
  <testcase classname="AltifiDirect.LaunchINternal" name="openInternal" time="6.961"/>
  <system-out/>
</testsuite> <!-- AltifiDirect.LaunchINternal -->
