<?xml version="1.0" encoding="UTF-8"?>
<!-- Generated by org.testng.reporters.JUnitReportReporter -->
<testsuite hostname="INMAA3BCAPL0954" failures="0" tests="2" name="com.internal.test.StatusTest" time="24.294" errors="0" timestamp="2024-07-11T15:54:12 IST" skipped="0">
  <testcase classname="com.internal.test.StatusTest" name="launchtheApplication" time="9.144"/>
  <system-out/>
  <testcase classname="com.internal.test.StatusTest" name="getAllList" time="15.150"/>
  <system-out/>
</testsuite> <!-- com.internal.test.StatusTest -->
