<?xml version="1.0" encoding="UTF-8"?>
<!-- Generated by org.testng.reporters.JUnitReportReporter -->
<testsuite hostname="INMAA3BCAPL0954" failures="0" tests="1" name="com.internal.test.RunTests" time="4.721" errors="0" timestamp="2024-07-11T13:35:23 IST" skipped="0">
  <testcase classname="com.internal.test.RunTests" name="launchtheApplication" time="4.721"/>
  <system-out/>
</testsuite> <!-- com.internal.test.RunTests -->
