<?xml version="1.0" encoding="UTF-8"?>
<!-- Generated by org.testng.reporters.JUnitReportReporter -->
<testsuite hostname="INMAA3BCAPL0954" failures="0" tests="2" name="com.internal.test.IPOInstruments" time="59.736" errors="0" timestamp="2024-07-12T17:26:52 IST" skipped="0">
  <testcase classname="com.internal.test.IPOInstruments" name="checkIPOInstrumentsPage" time="49.180"/>
  <system-out/>
  <testcase classname="com.internal.test.IPOInstruments" name="checkCorporateBondsList" time="10.556"/>
  <system-out/>
</testsuite> <!-- com.internal.test.IPOInstruments -->
