<?xml version="1.0" encoding="UTF-8"?>
<!-- Generated by org.testng.reporters.JUnitReportReporter -->
<testsuite hostname="INMAA3BCAPL0954" failures="0" tests="3" name="AltifiDirect.Experiments" time="0.007" errors="0" timestamp="2024-07-11T14:29:49 IST" skipped="0">
  <testcase classname="AltifiDirect.Experiments" name="testMethod11" time="0.001"/>
  <system-out/>
  <testcase classname="AltifiDirect.Experiments" name="testMethod1" time="0.005"/>
  <system-out/>
  <testcase classname="AltifiDirect.Experiments" name="testMethod111" time="0.001"/>
  <system-out/>
</testsuite> <!-- AltifiDirect.Experiments -->
