<?xml version="1.0" encoding="UTF-8"?>
<!-- Generated by org.testng.reporters.JUnitReportReporter -->
<testsuite hostname="INMAA3BCAPL0954" failures="0" tests="2" name="com.internal.test.CheckCorporateBondsList" time="25.977" errors="0" timestamp="2024-07-11T18:28:51 IST" skipped="0">
  <testcase classname="com.internal.test.CheckCorporateBondsList" name="launchtheApplication" time="15.728"/>
  <system-out/>
  <testcase classname="com.internal.test.CheckCorporateBondsList" name="checkCorporateBondsList" time="10.249"/>
  <system-out/>
</testsuite> <!-- com.internal.test.CheckCorporateBondsList -->
