<?xml version="1.0" encoding="UTF-8"?>
<!-- Generated by org.testng.reporters.JUnitReportReporter -->
<testsuite hostname="INMAA3BCAPL0954" failures="0" tests="1" name="Base.DemoTest" time="67.899" errors="0" timestamp="2024-07-10T22:56:38 IST" skipped="0">
  <testcase classname="Base.DemoTest" name="samplTest" time="67.899"/>
  <system-out/>
</testsuite> <!-- Base.DemoTest -->
