<?xml version="1.0" encoding="UTF-8"?>
<!-- Generated by org.testng.reporters.JUnitReportReporter -->
<testsuite hostname="INMAA3BCAPL0954" failures="0" tests="1" name="testRunner.TestRunner" time="29.208" errors="0" timestamp="2024-08-02T18:28:29 IST" skipped="0">
  <testcase classname="testRunner.TestRunner" name="runScenario" time="29.208"/>
  <system-out/>
</testsuite> <!-- testRunner.TestRunner -->
